<?xml version="1.0" encoding="UTF-8"?>
<!-- Generated by org.testng.reporters.JUnitReportReporter -->
<testsuite skipped="0" hostname="DESKTOP-4LPEL34" name="Programs.FirstProgram" tests="3" failures="0" timestamp="23 Apr 2019 17:09:09 GMT" time="0.022" errors="0">
  <testcase name="logout" time="0.004" classname="Programs.FirstProgram"/>
  <testcase name="login" time="0.003" classname="Programs.FirstProgram"/>
  <testcase name="search" time="0.015" classname="Programs.FirstProgram"/>
</testsuite> <!-- Programs.FirstProgram -->
