<?xml version="1.0" encoding="UTF-8"?>
<!-- Generated by org.testng.reporters.JUnitReportReporter -->
<testsuite skipped="0" hostname="DESKTOP-4LPEL34" name="Programs.SecondsPrograms" tests="3" failures="0" timestamp="23 Apr 2019 17:09:09 GMT" time="0.049" errors="0">
  <testcase name="search1" time="0.014" classname="Programs.SecondsPrograms"/>
  <testcase name="login1" time="0.018" classname="Programs.SecondsPrograms"/>
  <testcase name="logout1" time="0.017" classname="Programs.SecondsPrograms"/>
</testsuite> <!-- Programs.SecondsPrograms -->
