<?xml version="1.0" encoding="UTF-8"?>
<!-- Generated by org.testng.reporters.JUnitReportReporter -->
<testsuite skipped="0" hostname="DESKTOP-4LPEL34" name="Programs.SecondsPrograms" tests="3" failures="0" timestamp="25 Apr 2019 05:31:25 GMT" time="0.024" errors="0">
  <testcase name="logout1" time="0.001" classname="Programs.SecondsPrograms"/>
  <testcase name="search1" time="0.001" classname="Programs.SecondsPrograms"/>
  <testcase name="login1" time="0.022" classname="Programs.SecondsPrograms"/>
</testsuite> <!-- Programs.SecondsPrograms -->
